SF:lib/bloc/menu_event.dart
DA:4,2
DA:8,2
DA:10,1
DA:11,1
LF:4
LH:4
end_of_record
SF:lib/bloc/menu_state.dart
DA:6,1
DA:8,1
DA:9,1
DA:19,1
DA:21,1
DA:22,2
LF:6
LH:6
end_of_record
SF:lib/bloc/menu_bloc.dart
DA:10,2
DA:12,1
DA:13,1
DA:16,1
DA:17,1
DA:18,2
DA:21,3
DA:22,2
DA:24,2
LF:9
LH:9
end_of_record
SF:lib/models/food_menu.dart
DA:9,3
DA:11,3
DA:16,2
DA:18,1
DA:19,2
DA:21,1
DA:22,1
DA:23,1
DA:25,5
DA:29,2
DA:31,6
DA:34,0
DA:37,0
DA:38,0
DA:41,0
DA:42,0
DA:46,2
DA:52,1
DA:53,2
DA:55,0
DA:58,0
DA:59,0
DA:62,2
DA:63,3
DA:66,2
DA:67,3
DA:70,0
DA:71,0
DA:75,2
DA:99,1
DA:100,1
DA:101,1
DA:102,1
DA:103,1
DA:104,1
DA:105,1
DA:106,1
DA:107,1
DA:108,1
DA:111,2
DA:112,1
DA:114,5
DA:115,2
DA:116,2
DA:117,2
DA:118,2
DA:119,2
DA:120,2
DA:121,2
DA:124,2
DA:126,6
DA:127,2
DA:128,2
DA:129,2
DA:130,2
DA:131,2
DA:132,2
DA:133,2
DA:136,0
DA:138,0
DA:141,0
DA:153,0
DA:154,0
DA:155,0
DA:156,0
DA:157,0
DA:158,0
DA:159,0
DA:160,0
DA:161,0
DA:162,0
DA:163,0
DA:168,1
DA:178,1
DA:179,1
DA:180,1
DA:181,1
DA:182,1
DA:185,2
DA:186,5
DA:187,2
DA:188,1
DA:191,2
DA:192,5
DA:193,2
DA:194,1
DA:197,0
DA:199,0
DA:202,0
DA:207,0
DA:208,0
DA:209,0
DA:210,0
LF:93
LH:62
end_of_record
SF:lib/repositories/food_api_client.dart
DA:10,1
DA:12,1
DA:14,1
DA:16,3
DA:17,2
DA:18,1
DA:19,2
LF:7
LH:7
end_of_record
SF:lib/repositories/quote_repository.dart
DA:10,2
DA:12,0
DA:13,0
LF:3
LH:1
end_of_record
